[     448ms] Unexpected token '<'
[     491ms] Unexpected token '<'
[     610ms] Unexpected token '<'
[     662ms] Unexpected token '<'
[     707ms] Unexpected token '<'
[     746ms] Unexpected token '<'
[     790ms] Unexpected token '<'
[     830ms] Unexpected token '<'
[     875ms] Unexpected token '<'
[     913ms] Unexpected token '<'
[     950ms] Unexpected token '<'
[     991ms] Unexpected token '<'
[    1028ms] Unexpected token '<'
[    1069ms] Unexpected token '<'
[    1103ms] Unexpected token '<'
[    1150ms] Unexpected token '<'
[    1228ms] Unexpected token '<'
[    1266ms] Unexpected token '<'
[    1302ms] Unexpected token '<'
[    4412ms] [WARNING] The resource http://localhost:3000/_next/static/chunks/%5Broot-of-the-server%5D__06.-pfn._.css was preloaded using link preload but not used within a few seconds from the window's load event. Please make sure it has an appropriate `as` value and it is preloaded intentionally. @ http://localhost:3000/login:0
[    4412ms] [WARNING] The resource http://localhost:3000/_next/static/media/caa3a2e1cccd8315-s.p.16t1db8_9y2o~.woff2 was preloaded using link preload but not used within a few seconds from the window's load event. Please make sure it has an appropriate `as` value and it is preloaded intentionally. @ http://localhost:3000/login:0
[    4412ms] [WARNING] The resource http://localhost:3000/_next/static/media/797e433ab948586e-s.p.0.q-h669a_dqa.woff2 was preloaded using link preload but not used within a few seconds from the window's load event. Please make sure it has an appropriate `as` value and it is preloaded intentionally. @ http://localhost:3000/login:0
[   77012ms] Unexpected token '<'
[   77068ms] Unexpected token '<'
[   77114ms] Unexpected token '<'
[   77291ms] Unexpected token '<'
[   77330ms] Unexpected token '<'
[   77396ms] Unexpected token '<'
[   77473ms] Unexpected token '<'
[   77537ms] Unexpected token '<'
[   77595ms] Unexpected token '<'
[   77666ms] Unexpected token '<'
[   77720ms] Unexpected token '<'
[   77762ms] Unexpected token '<'
[   77843ms] Unexpected token '<'
[   77909ms] Unexpected token '<'
[   77963ms] Unexpected token '<'
[   78016ms] Unexpected token '<'
[   78061ms] Unexpected token '<'
[   78106ms] Unexpected token '<'
[   78144ms] Unexpected token '<'
[   81250ms] [WARNING] The resource http://localhost:3000/_next/static/chunks/%5Broot-of-the-server%5D__06.-pfn._.css was preloaded using link preload but not used within a few seconds from the window's load event. Please make sure it has an appropriate `as` value and it is preloaded intentionally. @ http://localhost:3000/login?email=admin%40school.edu&password=admin123:0
[   81250ms] [WARNING] The resource http://localhost:3000/_next/static/media/caa3a2e1cccd8315-s.p.16t1db8_9y2o~.woff2 was preloaded using link preload but not used within a few seconds from the window's load event. Please make sure it has an appropriate `as` value and it is preloaded intentionally. @ http://localhost:3000/login?email=admin%40school.edu&password=admin123:0
[   81250ms] [WARNING] The resource http://localhost:3000/_next/static/media/797e433ab948586e-s.p.0.q-h669a_dqa.woff2 was preloaded using link preload but not used within a few seconds from the window's load event. Please make sure it has an appropriate `as` value and it is preloaded intentionally. @ http://localhost:3000/login?email=admin%40school.edu&password=admin123:0
