[     393ms] Unexpected token '<'
[     433ms] Unexpected token '<'
[     473ms] Unexpected token '<'
[     514ms] Unexpected token '<'
[     553ms] Unexpected token '<'
[     592ms] Unexpected token '<'
[     628ms] Unexpected token '<'
[     667ms] Unexpected token '<'
[     705ms] Unexpected token '<'
[     744ms] Unexpected token '<'
[     786ms] Unexpected token '<'
[     853ms] Unexpected token '<'
[     903ms] Unexpected token '<'
[     950ms] Unexpected token '<'
[     986ms] Unexpected token '<'
[    1028ms] Unexpected token '<'
[    1068ms] Unexpected token '<'
[    1112ms] Unexpected token '<'
[    1143ms] Unexpected token '<'
[    4302ms] [WARNING] The resource http://localhost:3000/_next/static/chunks/%5Broot-of-the-server%5D__06.-pfn._.css was preloaded using link preload but not used within a few seconds from the window's load event. Please make sure it has an appropriate `as` value and it is preloaded intentionally. @ http://localhost:3000/login:0
[    4302ms] [WARNING] The resource http://localhost:3000/_next/static/media/caa3a2e1cccd8315-s.p.16t1db8_9y2o~.woff2 was preloaded using link preload but not used within a few seconds from the window's load event. Please make sure it has an appropriate `as` value and it is preloaded intentionally. @ http://localhost:3000/login:0
[    4302ms] [WARNING] The resource http://localhost:3000/_next/static/media/797e433ab948586e-s.p.0.q-h669a_dqa.woff2 was preloaded using link preload but not used within a few seconds from the window's load event. Please make sure it has an appropriate `as` value and it is preloaded intentionally. @ http://localhost:3000/login:0
