[     442ms] Unexpected token '<'
[     473ms] Unexpected token '<'
[     515ms] Unexpected token '<'
[     555ms] Unexpected token '<'
[     602ms] Unexpected token '<'
[     640ms] Unexpected token '<'
[     675ms] Unexpected token '<'
[     716ms] Unexpected token '<'
[     760ms] Unexpected token '<'
[     795ms] Unexpected token '<'
[     834ms] Unexpected token '<'
[     880ms] Unexpected token '<'
[     917ms] Unexpected token '<'
[     960ms] Unexpected token '<'
[     999ms] Unexpected token '<'
[    1034ms] Unexpected token '<'
[    1076ms] Unexpected token '<'
[    1229ms] Unexpected token '<'
[    1245ms] Unexpected token '<'
[    4359ms] [WARNING] The resource http://localhost:3000/_next/static/chunks/%5Broot-of-the-server%5D__06.-pfn._.css was preloaded using link preload but not used within a few seconds from the window's load event. Please make sure it has an appropriate `as` value and it is preloaded intentionally. @ http://localhost:3000/login:0
[    4359ms] [WARNING] The resource http://localhost:3000/_next/static/media/caa3a2e1cccd8315-s.p.16t1db8_9y2o~.woff2 was preloaded using link preload but not used within a few seconds from the window's load event. Please make sure it has an appropriate `as` value and it is preloaded intentionally. @ http://localhost:3000/login:0
[    4359ms] [WARNING] The resource http://localhost:3000/_next/static/media/797e433ab948586e-s.p.0.q-h669a_dqa.woff2 was preloaded using link preload but not used within a few seconds from the window's load event. Please make sure it has an appropriate `as` value and it is preloaded intentionally. @ http://localhost:3000/login:0
