[     330ms] Unexpected token '<'
[     373ms] Unexpected token '<'
[     410ms] Unexpected token '<'
[     453ms] Unexpected token '<'
[     491ms] Unexpected token '<'
[     540ms] Unexpected token '<'
[     589ms] Unexpected token '<'
[     631ms] Unexpected token '<'
[     669ms] Unexpected token '<'
[     716ms] Unexpected token '<'
[     765ms] Unexpected token '<'
[     860ms] Unexpected token '<'
[     893ms] Unexpected token '<'
[     931ms] Unexpected token '<'
[     966ms] Unexpected token '<'
[    1006ms] Unexpected token '<'
[    1037ms] Unexpected token '<'
[    1076ms] Unexpected token '<'
[    1104ms] Unexpected token '<'
[    4203ms] [WARNING] The resource http://localhost:3000/_next/static/chunks/%5Broot-of-the-server%5D__06.-pfn._.css was preloaded using link preload but not used within a few seconds from the window's load event. Please make sure it has an appropriate `as` value and it is preloaded intentionally. @ http://localhost:3000/login:0
[    4204ms] [WARNING] The resource http://localhost:3000/_next/static/media/caa3a2e1cccd8315-s.p.16t1db8_9y2o~.woff2 was preloaded using link preload but not used within a few seconds from the window's load event. Please make sure it has an appropriate `as` value and it is preloaded intentionally. @ http://localhost:3000/login:0
[    4204ms] [WARNING] The resource http://localhost:3000/_next/static/media/797e433ab948586e-s.p.0.q-h669a_dqa.woff2 was preloaded using link preload but not used within a few seconds from the window's load event. Please make sure it has an appropriate `as` value and it is preloaded intentionally. @ http://localhost:3000/login:0
