[     381ms] Unexpected token '<'
[     395ms] Unexpected token '<'
[     435ms] Unexpected token '<'
[     473ms] Unexpected token '<'
[     510ms] Unexpected token '<'
[     549ms] Unexpected token '<'
[     586ms] Unexpected token '<'
[     673ms] Unexpected token '<'
[     708ms] Unexpected token '<'
[     751ms] Unexpected token '<'
[     788ms] Unexpected token '<'
[     826ms] Unexpected token '<'
[     863ms] Unexpected token '<'
[     904ms] Unexpected token '<'
[     939ms] Unexpected token '<'
[     975ms] Unexpected token '<'
[    1012ms] Unexpected token '<'
[    1060ms] Unexpected token '<'
[    1093ms] Unexpected token '<'
[    4207ms] [WARNING] The resource http://localhost:3000/_next/static/chunks/%5Broot-of-the-server%5D__06.-pfn._.css was preloaded using link preload but not used within a few seconds from the window's load event. Please make sure it has an appropriate `as` value and it is preloaded intentionally. @ http://localhost:3000/login:0
[    4207ms] [WARNING] The resource http://localhost:3000/_next/static/media/caa3a2e1cccd8315-s.p.16t1db8_9y2o~.woff2 was preloaded using link preload but not used within a few seconds from the window's load event. Please make sure it has an appropriate `as` value and it is preloaded intentionally. @ http://localhost:3000/login:0
[    4207ms] [WARNING] The resource http://localhost:3000/_next/static/media/797e433ab948586e-s.p.0.q-h669a_dqa.woff2 was preloaded using link preload but not used within a few seconds from the window's load event. Please make sure it has an appropriate `as` value and it is preloaded intentionally. @ http://localhost:3000/login:0
[   18241ms] Unexpected token '<'
[   18287ms] Unexpected token '<'
[   18328ms] Unexpected token '<'
[   18371ms] Unexpected token '<'
[   18405ms] Unexpected token '<'
[   18448ms] Unexpected token '<'
[   18495ms] Unexpected token '<'
[   18569ms] Unexpected token '<'
[   18605ms] Unexpected token '<'
[   18643ms] Unexpected token '<'
[   18676ms] Unexpected token '<'
[   18712ms] Unexpected token '<'
[   18747ms] Unexpected token '<'
[   18858ms] Unexpected token '<'
[   18890ms] Unexpected token '<'
[   18929ms] Unexpected token '<'
[   18964ms] Unexpected token '<'
[   19010ms] Unexpected token '<'
[   19078ms] Unexpected token '<'
[   22170ms] [WARNING] The resource http://localhost:3000/_next/static/chunks/%5Broot-of-the-server%5D__06.-pfn._.css was preloaded using link preload but not used within a few seconds from the window's load event. Please make sure it has an appropriate `as` value and it is preloaded intentionally. @ http://localhost:3000/login?email=admin%40school.edu&password=Admin1234%21:0
[   22170ms] [WARNING] The resource http://localhost:3000/_next/static/media/caa3a2e1cccd8315-s.p.16t1db8_9y2o~.woff2 was preloaded using link preload but not used within a few seconds from the window's load event. Please make sure it has an appropriate `as` value and it is preloaded intentionally. @ http://localhost:3000/login?email=admin%40school.edu&password=Admin1234%21:0
[   22170ms] [WARNING] The resource http://localhost:3000/_next/static/media/797e433ab948586e-s.p.0.q-h669a_dqa.woff2 was preloaded using link preload but not used within a few seconds from the window's load event. Please make sure it has an appropriate `as` value and it is preloaded intentionally. @ http://localhost:3000/login?email=admin%40school.edu&password=Admin1234%21:0
[   90304ms] Unexpected token '<'
[   90349ms] Unexpected token '<'
[   90406ms] Unexpected token '<'
[   90485ms] Unexpected token '<'
[   90523ms] Unexpected token '<'
[   90565ms] Unexpected token '<'
[   90601ms] Unexpected token '<'
[   90642ms] Unexpected token '<'
[   90677ms] Unexpected token '<'
[   90717ms] Unexpected token '<'
[   90753ms] Unexpected token '<'
[   90796ms] Unexpected token '<'
[   90832ms] Unexpected token '<'
[   90873ms] Unexpected token '<'
[   90905ms] Unexpected token '<'
[   90941ms] Unexpected token '<'
[   90971ms] Unexpected token '<'
[   91010ms] Unexpected token '<'
[   91041ms] Unexpected token '<'
[   94142ms] [WARNING] The resource http://localhost:3000/_next/static/chunks/%5Broot-of-the-server%5D__06.-pfn._.css was preloaded using link preload but not used within a few seconds from the window's load event. Please make sure it has an appropriate `as` value and it is preloaded intentionally. @ http://localhost:3000/login?email=admin%40school.edu&password=Admin1234%21:0
[   94142ms] [WARNING] The resource http://localhost:3000/_next/static/media/caa3a2e1cccd8315-s.p.16t1db8_9y2o~.woff2 was preloaded using link preload but not used within a few seconds from the window's load event. Please make sure it has an appropriate `as` value and it is preloaded intentionally. @ http://localhost:3000/login?email=admin%40school.edu&password=Admin1234%21:0
[   94142ms] [WARNING] The resource http://localhost:3000/_next/static/media/797e433ab948586e-s.p.0.q-h669a_dqa.woff2 was preloaded using link preload but not used within a few seconds from the window's load event. Please make sure it has an appropriate `as` value and it is preloaded intentionally. @ http://localhost:3000/login?email=admin%40school.edu&password=Admin1234%21:0
