[     264ms] [INFO] %cDownload the React DevTools for a better development experience: https://react.dev/link/react-devtools font-weight:bold @ http://localhost:3000/_next/static/chunks/node_modules_next_dist_115brz8._.js:2431
[     344ms] [LOG] [HMR] connected @ http://localhost:3000/_next/static/chunks/node_modules_next_dist_115brz8._.js:2431
[   64456ms] [LOG] [Fast Refresh] rebuilding @ http://localhost:3000/_next/static/chunks/node_modules_next_dist_115brz8._.js:2431
[   64492ms] [LOG] [DashboardWrapper] {isLoading: false, isAuthenticated: true, me: null} @ http://localhost:3000/_next/static/chunks/node_modules_next_dist_115brz8._.js:2431
[   64493ms] [LOG] [DashboardWrapper] {isLoading: false, isAuthenticated: true, me: null} @ http://localhost:3000/_next/static/chunks/node_modules_next_dist_115brz8._.js:2431
[   64494ms] [LOG] [DashboardWrapper] {isLoading: false, isAuthenticated: true, me: null} @ http://localhost:3000/_next/static/chunks/node_modules_next_dist_115brz8._.js:2431
[   64495ms] [LOG] [Fast Refresh] done in 130ms @ http://localhost:3000/_next/static/chunks/node_modules_next_dist_115brz8._.js:2431
[   64496ms] [LOG] [DashboardWrapper] {isLoading: false, isAuthenticated: true, me: null} @ http://localhost:3000/_next/static/chunks/node_modules_next_dist_115brz8._.js:2431
[   64496ms] [LOG] [DashboardWrapper] {isLoading: false, isAuthenticated: true, me: null} @ http://localhost:3000/_next/static/chunks/node_modules_next_dist_115brz8._.js:2431
[   65231ms] [LOG] [DashboardWrapper] {isLoading: false, isAuthenticated: true, me: null} @ http://localhost:3000/_next/static/chunks/node_modules_next_dist_115brz8._.js:2431
[   65232ms] [LOG] [DashboardWrapper] {isLoading: false, isAuthenticated: true, me: null} @ http://localhost:3000/_next/static/chunks/node_modules_next_dist_115brz8._.js:2431
[   74408ms] [INFO] %cDownload the React DevTools for a better development experience: https://react.dev/link/react-devtools font-weight:bold @ http://localhost:3000/_next/static/chunks/node_modules_next_dist_115brz8._.js:2431
[   74430ms] [LOG] [HMR] connected @ http://localhost:3000/_next/static/chunks/node_modules_next_dist_115brz8._.js:2431
[   74457ms] [LOG] [DashboardWrapper] {isLoading: true, isAuthenticated: false, me: undefined} @ http://localhost:3000/_next/static/chunks/node_modules_next_dist_115brz8._.js:2431
[   74458ms] [LOG] [DashboardWrapper] {isLoading: true, isAuthenticated: false, me: undefined} @ http://localhost:3000/_next/static/chunks/node_modules_next_dist_115brz8._.js:2431
[   74481ms] [LOG] [DashboardWrapper] {isLoading: true, isAuthenticated: false, me: undefined} @ http://localhost:3000/_next/static/chunks/node_modules_next_dist_115brz8._.js:2431
[   74482ms] [LOG] [DashboardWrapper] {isLoading: true, isAuthenticated: false, me: undefined} @ http://localhost:3000/_next/static/chunks/node_modules_next_dist_115brz8._.js:2431
[   74682ms] [LOG] [Fast Refresh] rebuilding @ http://localhost:3000/_next/static/chunks/node_modules_next_dist_115brz8._.js:2431
[   74683ms] [LOG] [Fast Refresh] done in 103ms @ http://localhost:3000/_next/static/chunks/node_modules_next_dist_115brz8._.js:2431
[   76024ms] [LOG] [DashboardWrapper] {isLoading: false, isAuthenticated: true, me: undefined} @ http://localhost:3000/_next/static/chunks/node_modules_next_dist_115brz8._.js:2431
[   76024ms] [LOG] [DashboardWrapper] {isLoading: false, isAuthenticated: true, me: undefined} @ http://localhost:3000/_next/static/chunks/node_modules_next_dist_115brz8._.js:2431
[   76025ms] [LOG] [DashboardWrapper] {isLoading: false, isAuthenticated: true, me: null} @ http://localhost:3000/_next/static/chunks/node_modules_next_dist_115brz8._.js:2431
[   76026ms] [LOG] [DashboardWrapper] {isLoading: false, isAuthenticated: true, me: null} @ http://localhost:3000/_next/static/chunks/node_modules_next_dist_115brz8._.js:2431
[  176861ms] [LOG] [Fast Refresh] rebuilding @ http://localhost:3000/_next/static/chunks/node_modules_next_dist_115brz8._.js:2431
[  176874ms] [LOG] [Fast Refresh] done in 115ms @ http://localhost:3000/_next/static/chunks/node_modules_next_dist_115brz8._.js:2431
[  188593ms] [LOG] [DashboardWrapper] {isLoading: false, isAuthenticated: true, me: Object} @ http://localhost:3000/_next/static/chunks/node_modules_next_dist_115brz8._.js:2431
[  188599ms] [LOG] [DashboardWrapper] {isLoading: false, isAuthenticated: true, me: Object} @ http://localhost:3000/_next/static/chunks/node_modules_next_dist_115brz8._.js:2431
[  199013ms] [LOG] [Fast Refresh] rebuilding @ http://localhost:3000/_next/static/chunks/node_modules_next_dist_115brz8._.js:2431
[  199035ms] [LOG] [Fast Refresh] done in 71ms @ http://localhost:3000/_next/static/chunks/node_modules_next_dist_115brz8._.js:2431
[  209658ms] [INFO] %cDownload the React DevTools for a better development experience: https://react.dev/link/react-devtools font-weight:bold @ http://localhost:3000/_next/static/chunks/node_modules_next_dist_115brz8._.js:2431
[  209682ms] [LOG] [HMR] connected @ http://localhost:3000/_next/static/chunks/node_modules_next_dist_115brz8._.js:2431
